2026-03-06 23:22:55  Please visit this URL to authorize this application: https://accounts.google.com/o/oauth2/auth?response_type=code&client_id=486136474854-bdmf68bl93kbo1knrn4avns517ld9t1r.apps.googleusercontent.com&redirect_uri=http%3A%2F%2Flocalhost%3A64138%2F&scope=https%3A%2F%2Fwww.googleapis.com%2Fauth%2Fspreadsheets&state=CW1dMH8j5AGUK3K8nrbRaHD66Dovv5&code_challenge=_a1cnvkBvXVqkV47qA_5e2RZaAaNOqU9l2Y3lMuOqw8&code_challenge_method=S256&access_type=offline
2026-03-06 23:23:17  "GET /?state=CW1dMH8j5AGUK3K8nrbRaHD66Dovv5&iss=https://accounts.google.com&code=4/0AfrIepCysIKFD21_TPcanKsQnGLlTJjcdcaz-keSHxnzIRo7OnkvqrSl-9Bnq-FWlhED1A&scope=https://www.googleapis.com/auth/spreadsheets HTTP/1.1" 200 65
2026-03-06 23:23:17  file_cache is only supported with oauth2client<4.0.0
2026-03-06 23:23:18  Encountered 403 Forbidden with reason "PERMISSION_DENIED"
2026-03-06 23:25:53  file_cache is only supported with oauth2client<4.0.0
2026-03-06 23:25:54  Encountered 403 Forbidden with reason "PERMISSION_DENIED"
2026-03-06 23:27:16  file_cache is only supported with oauth2client<4.0.0
2026-03-06 23:27:17  Encountered 403 Forbidden with reason "PERMISSION_DENIED"
2026-03-06 23:28:47  file_cache is only supported with oauth2client<4.0.0
2026-03-06 23:28:48  Encountered 403 Forbidden with reason "PERMISSION_DENIED"
2026-03-06 23:30:53  file_cache is only supported with oauth2client<4.0.0
2026-03-06 23:30:53  Encountered 403 Forbidden with reason "PERMISSION_DENIED"
2026-03-06 23:31:35  Please visit this URL to authorize this application: https://accounts.google.com/o/oauth2/auth?response_type=code&client_id=486136474854-bdmf68bl93kbo1knrn4avns517ld9t1r.apps.googleusercontent.com&redirect_uri=http%3A%2F%2Flocalhost%3A64313%2F&scope=https%3A%2F%2Fwww.googleapis.com%2Fauth%2Fspreadsheets&state=2Vfqtyffx2PQRDz45XGLDbvEwXwrWa&code_challenge=A6zzkQWTpiPOokj55mcXeTYlwX8S-DSUkGAW_h-r9Qo&code_challenge_method=S256&access_type=offline
2026-03-06 23:31:50  "GET /?state=2Vfqtyffx2PQRDz45XGLDbvEwXwrWa&iss=https://accounts.google.com&code=4/0AfrIepA1FluS8482FU6U1THvtDIdkECXEFytaGrr4G30DubZ0-TlqnHJikYKT7KkVtNNpA&scope=https://www.googleapis.com/auth/spreadsheets HTTP/1.1" 200 65
2026-03-06 23:31:51  file_cache is only supported with oauth2client<4.0.0
2026-03-06 23:31:52  Encountered 403 Forbidden with reason "PERMISSION_DENIED"
2026-03-06 23:33:59  file_cache is only supported with oauth2client<4.0.0
2026-03-06 23:34:00  file_cache is only supported with oauth2client<4.0.0
2026-03-06 23:34:02  
\u2500\u2500\u2500\u2500\u2500\u2500\u2500\u2500\u2500\u2500\u2500\u2500\u2500\u2500\u2500\u2500\u2500\u2500\u2500\u2500\u2500\u2500\u2500\u2500\u2500\u2500\u2500\u2500\u2500\u2500\u2500\u2500\u2500\u2500\u2500\u2500\u2500\u2500\u2500\u2500\u2500\u2500\u2500\u2500\u2500\u2500\u2500\u2500\u2500\u2500\u2500\u2500\u2500\u2500\u2500\u2500\u2500\u2500\u2500\u2500
2026-03-06 23:34:02  Run complete | Query='podcast' | Window=7 days | Language=English | Subs=1000¢50000 | Videos=22 | Channels=21 | Added=0 | Dupes=0 | OutOfRange=21
2026-03-06 23:34:02  \u2500\u2500\u2500\u2500\u2500\u2500\u2500\u2500\u2500\u2500\u2500\u2500\u2500\u2500\u2500\u2500\u2500\u2500\u2500\u2500\u2500\u2500\u2500\u2500\u2500\u2500\u2500\u2500\u2500\u2500\u2500\u2500\u2500\u2500\u2500\u2500\u2500\u2500\u2500\u2500\u2500\u2500\u2500\u2500\u2500\u2500\u2500\u2500\u2500\u2500\u2500\u2500\u2500\u2500\u2500\u2500\u2500\u2500\u2500\u2500

2026-03-06 23:41:02  file_cache is only supported with oauth2client<4.0.0
2026-03-06 23:41:03  file_cache is only supported with oauth2client<4.0.0
2026-03-06 23:41:20  
\u2500\u2500\u2500\u2500\u2500\u2500\u2500\u2500\u2500\u2500\u2500\u2500\u2500\u2500\u2500\u2500\u2500\u2500\u2500\u2500\u2500\u2500\u2500\u2500\u2500\u2500\u2500\u2500\u2500\u2500\u2500\u2500\u2500\u2500\u2500\u2500\u2500\u2500\u2500\u2500\u2500\u2500\u2500\u2500\u2500\u2500\u2500\u2500\u2500\u2500\u2500\u2500\u2500\u2500\u2500\u2500\u2500\u2500\u2500\u2500
2026-03-06 23:41:20  Run complete | Query='podcast' | Window=7 days | Language=English | Subs=1000¢50000 | Videos=200 | Channels=145 | Target=50 | Added=29 | Dupes=0 | OutOfRange=116
2026-03-06 23:41:20  \u2500\u2500\u2500\u2500\u2500\u2500\u2500\u2500\u2500\u2500\u2500\u2500\u2500\u2500\u2500\u2500\u2500\u2500\u2500\u2500\u2500\u2500\u2500\u2500\u2500\u2500\u2500\u2500\u2500\u2500\u2500\u2500\u2500\u2500\u2500\u2500\u2500\u2500\u2500\u2500\u2500\u2500\u2500\u2500\u2500\u2500\u2500\u2500\u2500\u2500\u2500\u2500\u2500\u2500\u2500\u2500\u2500\u2500\u2500\u2500

2026-03-06 23:48:40  file_cache is only supported with oauth2client<4.0.0
2026-03-06 23:48:42  file_cache is only supported with oauth2client<4.0.0
2026-03-06 23:48:55  
\u2500\u2500\u2500\u2500\u2500\u2500\u2500\u2500\u2500\u2500\u2500\u2500\u2500\u2500\u2500\u2500\u2500\u2500\u2500\u2500\u2500\u2500\u2500\u2500\u2500\u2500\u2500\u2500\u2500\u2500\u2500\u2500\u2500\u2500\u2500\u2500\u2500\u2500\u2500\u2500\u2500\u2500\u2500\u2500\u2500\u2500\u2500\u2500\u2500\u2500\u2500\u2500\u2500\u2500\u2500\u2500\u2500\u2500\u2500\u2500
2026-03-06 23:48:55  Run complete | Query='podcast' | Window=7 days | Language=English | Subs=1000¢50000 | Videos=175 | Channels=141 | Target=50 | Added=16 | Dupes=0 | OutOfRange=125
2026-03-06 23:48:55  \u2500\u2500\u2500\u2500\u2500\u2500\u2500\u2500\u2500\u2500\u2500\u2500\u2500\u2500\u2500\u2500\u2500\u2500\u2500\u2500\u2500\u2500\u2500\u2500\u2500\u2500\u2500\u2500\u2500\u2500\u2500\u2500\u2500\u2500\u2500\u2500\u2500\u2500\u2500\u2500\u2500\u2500\u2500\u2500\u2500\u2500\u2500\u2500\u2500\u2500\u2500\u2500\u2500\u2500\u2500\u2500\u2500\u2500\u2500\u2500

2026-03-06 23:57:16  file_cache is only supported with oauth2client<4.0.0
2026-03-06 23:57:17  file_cache is only supported with oauth2client<4.0.0
2026-03-06 23:57:36  [SKIP] So Thorough Joe Burrow Ś country='' (not US)
2026-03-06 23:57:36  [SKIP] Sky & Telescope Ś country='' (not US)
2026-03-06 23:57:36  [DUPE] Dutch Butters Gaming (https://www.youtube.com/channel/UCBi1Cn2o_2HQbw6zqnybGkQ) already in sheet Ś skipping.
2026-03-06 23:57:36  [SKIP] Centennial World Podcast Network Ś country='AU' (not US)
2026-03-06 23:57:36  [SKIP] Laura Rosen Ś country='DE' (not US)
2026-03-06 23:57:36  [SKIP] Statecraft Ś country='' (not US)
2026-03-06 23:57:36  [SKIP] sabatosautiyaground Ś country='KE' (not US)
2026-03-06 23:57:36  [SKIP] Muzamil Umar Husain Kazmi Ś country='PK' (not US)
2026-03-06 23:57:36  [SKIP] The Escape Pod Moments Ś country='' (not US)
2026-03-06 23:57:36  [SKIP] WHATNERDtalk Ś country='GB' (not US)
2026-03-06 23:57:36  [SKIP] The Zaid Ibrahim Podcast Ś country='MY' (not US)
2026-03-06 23:57:36  [SKIP] Lihambal Ś country='' (not US)
2026-03-06 23:57:36  [SKIP] Najmi vlog Ś country='PK' (not US)
2026-03-06 23:57:36  [SKIP] Podcast turbodisel Ś country='' (not US)
2026-03-06 23:57:36  [SKIP] Simply in stitches Ś country='GB' (not US)
2026-03-06 23:57:36  [SKIP] Hayden Kim Ś country='KR' (not US)
2026-03-06 23:57:36  [SKIP] Go English - The Podcast Ś country='AU' (not US)
2026-03-06 23:57:36  [SKIP] The Sick Podcast with Tony Marinaro Ś country='CA' (not US)
2026-03-06 23:57:36  [SKIP] The Horne Section Ś country='GB' (not US)
2026-03-06 23:57:36  [SKIP] Locked On Warriors Ś country='' (not US)
2026-03-06 23:57:36  [SKIP] The Opinions Podcast Ś country='' (not US)
2026-03-06 23:57:37  
\u2500\u2500\u2500\u2500\u2500\u2500\u2500\u2500\u2500\u2500\u2500\u2500\u2500\u2500\u2500\u2500\u2500\u2500\u2500\u2500\u2500\u2500\u2500\u2500\u2500\u2500\u2500\u2500\u2500\u2500\u2500\u2500\u2500\u2500\u2500\u2500\u2500\u2500\u2500\u2500\u2500\u2500\u2500\u2500\u2500\u2500\u2500\u2500\u2500\u2500\u2500\u2500\u2500\u2500\u2500\u2500\u2500\u2500\u2500\u2500
2026-03-06 23:57:37  Run complete | Query='podcast' | Window=7 days | Language=English | Subs=1000¢50000 | Videos=225 | Channels=184 | Target=50 | Added=11 | Dupes=1 | OutOfRange=172
2026-03-06 23:57:37  \u2500\u2500\u2500\u2500\u2500\u2500\u2500\u2500\u2500\u2500\u2500\u2500\u2500\u2500\u2500\u2500\u2500\u2500\u2500\u2500\u2500\u2500\u2500\u2500\u2500\u2500\u2500\u2500\u2500\u2500\u2500\u2500\u2500\u2500\u2500\u2500\u2500\u2500\u2500\u2500\u2500\u2500\u2500\u2500\u2500\u2500\u2500\u2500\u2500\u2500\u2500\u2500\u2500\u2500\u2500\u2500\u2500\u2500\u2500\u2500

2026-03-07 00:01:15  file_cache is only supported with oauth2client<4.0.0
2026-03-07 00:01:17  file_cache is only supported with oauth2client<4.0.0
2026-03-07 00:01:42  [SKIP] Simply in stitches Ś country='GB' (not US)
2026-03-07 00:01:42  [SKIP] Najmi vlog Ś country='PK' (not US)
2026-03-07 00:01:42  [SKIP] Laura Rosen Ś country='DE' (not US)
2026-03-07 00:01:42  [SKIP] WHATNERDtalk Ś country='GB' (not US)
2026-03-07 00:01:42  [SKIP] Centennial World Podcast Network Ś country='AU' (not US)
2026-03-07 00:01:42  [SKIP] sabatosautiyaground Ś country='KE' (not US)
2026-03-07 00:01:42  [DUPE] English Podcast: Easy English Talks (https://www.youtube.com/channel/UC8KgeBnS9ovsLthTfVG-Wew) already in sheet Ś skipping.
2026-03-07 00:01:42  [SKIP] Muzamil Umar Husain Kazmi Ś country='PK' (not US)
2026-03-07 00:01:42  [DUPE] English Learning Fast Podcast (https://www.youtube.com/channel/UCBpb7DCi55BEWe4a60aYggA) already in sheet Ś skipping.
2026-03-07 00:01:42  [DUPE] Nightmare On Your Street (https://www.youtube.com/channel/UCd2LewwA80YTmj-N2xQJs8w) already in sheet Ś skipping.
2026-03-07 00:01:42  [SKIP] The Zaid Ibrahim Podcast Ś country='MY' (not US)
2026-03-07 00:01:42  [SKIP] IELTS Band 8 - IB8 Ś country='VN' (not US)
2026-03-07 00:01:42  [SKIP] Social Copyright By Shweta Jaya Ś country='IN' (not US)
2026-03-07 00:01:42  [DUPE] DayWeather Podcast (https://www.youtube.com/channel/UC5ETG1qKJfUv2hsEzH7rTRw) already in sheet Ś skipping.
2026-03-07 00:01:42  [SKIP] The Sick Podcast with Tony Marinaro Ś country='CA' (not US)
2026-03-07 00:01:42  [DUPE] The Cozy English (https://www.youtube.com/channel/UCLAZUrBNQInKYuzosSX4oPg) already in sheet Ś skipping.
2026-03-07 00:01:42  [SKIP] Charcha With Raksha  Ś country='IN' (not US)
2026-03-07 00:01:42  [DUPE] Celtics All Access on CLNS Media (https://www.youtube.com/channel/UCmp3kivpOg3lzoJC7yV7VjQ) already in sheet Ś skipping.
2026-03-07 00:01:42  [SKIP] Go English - The Podcast Ś country='AU' (not US)
2026-03-07 00:01:42  [SKIP] Hayden Kim Ś country='KR' (not US)
2026-03-07 00:01:42  [SKIP] The Horne Section Ś country='GB' (not US)
2026-03-07 00:01:42  [SKIP] No Behaviour Podcast Ś country='GB' (not US)
2026-03-07 00:01:42  [SKIP] La Base Podcast Ś country='CR' (not US)
2026-03-07 00:01:42  [SKIP] Vmz Naga Podcast Ś country='IN' (not US)
2026-03-07 00:01:42  [SKIP] Narratives Ś country='PK' (not US)
2026-03-07 00:01:42  [SKIP] Soul-Voyance Ś country='GB' (not US)
2026-03-07 00:01:42  [SKIP] The Sky Watch Ś country='LK' (not US)
2026-03-07 00:01:42  [SKIP] Daily Faceoff Ś country='CA' (not US)
2026-03-07 00:01:42  [SKIP] Podcast a Voz Ś country='BR' (not US)
2026-03-07 00:01:43  
\u2500\u2500\u2500\u2500\u2500\u2500\u2500\u2500\u2500\u2500\u2500\u2500\u2500\u2500\u2500\u2500\u2500\u2500\u2500\u2500\u2500\u2500\u2500\u2500\u2500\u2500\u2500\u2500\u2500\u2500\u2500\u2500\u2500\u2500\u2500\u2500\u2500\u2500\u2500\u2500\u2500\u2500\u2500\u2500\u2500\u2500\u2500\u2500\u2500\u2500\u2500\u2500\u2500\u2500\u2500\u2500\u2500\u2500\u2500\u2500
2026-03-07 00:01:43  Run complete | Query='podcast' | Window=7 days | Language=English | Subs=1000¢50000 | Videos=275 | Channels=204 | Target=50 | Added=20 | Dupes=6 | OutOfRange=178
2026-03-07 00:01:43  \u2500\u2500\u2500\u2500\u2500\u2500\u2500\u2500\u2500\u2500\u2500\u2500\u2500\u2500\u2500\u2500\u2500\u2500\u2500\u2500\u2500\u2500\u2500\u2500\u2500\u2500\u2500\u2500\u2500\u2500\u2500\u2500\u2500\u2500\u2500\u2500\u2500\u2500\u2500\u2500\u2500\u2500\u2500\u2500\u2500\u2500\u2500\u2500\u2500\u2500\u2500\u2500\u2500\u2500\u2500\u2500\u2500\u2500\u2500\u2500

2026-03-07 00:31:56  file_cache is only supported with oauth2client<4.0.0
2026-03-07 00:32:21  file_cache is only supported with oauth2client<4.0.0
2026-03-07 00:32:38  file_cache is only supported with oauth2client<4.0.0
2026-03-07 00:32:38  file_cache is only supported with oauth2client<4.0.0
2026-03-07 00:33:05  [SKIP] Crochet Customs Ś country='CA' (not US)
2026-03-07 00:33:05  [SKIP] love, khyati Ś country='IN' (not US)
2026-03-07 00:33:05  [SKIP] Irene Chu Ś country='HU' (not US)
2026-03-07 00:33:05  [SKIP] Brittany Durnford Ś country='CA' (not US)
2026-03-07 00:33:05  [SKIP] Only_Nicky Ś country='NG' (not US)
2026-03-07 00:33:05  [SKIP] Miss Dropshipping  Ś country='ZA' (not US)
2026-03-07 00:33:05  [SKIP] Gamaliķl & Audrey Ś country='ID' (not US)
2026-03-07 00:33:05  [SKIP] Renee Haye Ś country='CA' (not US)
2026-03-07 00:33:05  [SKIP] Crochet By Shivani - Small Business Ś country='IN' (not US)
2026-03-07 00:33:05  [SKIP] Begorgeousnails  Ś country='IE' (not US)
2026-03-07 00:33:05  [SKIP] RayncloudArt Ś country='GB' (not US)
2026-03-07 00:33:05  [SKIP] Abubakar info Point Ś country='PK' (not US)
2026-03-07 00:33:05  [SKIP] naaz arts Ś country='IN' (not US)
2026-03-07 00:33:05  [SKIP] Healing Wick Candles Ś country='CA' (not US)
2026-03-07 00:33:05  [SKIP] Geelong-Flipper Ś country='AU' (not US)
2026-03-07 00:33:05  [SKIP] Lilians corner Ś country='NG' (not US)
2026-03-07 00:33:05  [SKIP] Aakarshita Vibes Ś country='IN' (not US)
2026-03-07 00:33:05  [SKIP] Sharron Mungazi Ś country='ZW' (not US)
2026-03-07 00:33:05  [SKIP] Nomi Vloger Ś country='PK' (not US)
2026-03-07 00:33:05  [SKIP] Nikesh Brijwani Ś country='IN' (not US)
2026-03-07 00:33:05  [SKIP] Prateek Laharey  Ś country='IN' (not US)
2026-03-07 00:33:05  [SKIP] Shoaib Rickshaw Wala Ś country='PK' (not US)
2026-03-07 00:33:05  [SKIP] ArteaFoxStudios Ś country='GB' (not US)
2026-03-07 00:33:05  [SKIP] Rondelle Designs Ś country='AU' (not US)
2026-03-07 00:33:05  [SKIP] Sunshine Lane Ś country='GB' (not US)
2026-03-07 00:33:05  [SKIP] NUR Shoppy Ś country='GB' (not US)
2026-03-07 00:33:05  [SKIP] Luz Upcycles Ś country='NL' (not US)
2026-03-07 00:33:05  [SKIP] Life with Lisa Ś country='GB' (not US)
2026-03-07 00:33:05  [SKIP] Made by Zanda Ś country='DE' (not US)
2026-03-07 00:33:05  [SKIP] Peachy Lane Studio Ś country='GB' (not US)
2026-03-07 00:33:05  [SKIP] aPenas Illustrator Ś country='PT' (not US)
2026-03-07 00:33:05  [SKIP] Charrings Ś country='GB' (not US)
2026-03-07 00:33:05  [SKIP] Looping Teddys Ś country='DE' (not US)
2026-03-07 00:33:05  [SKIP] danilo tv blog official  Ś country='PH' (not US)
2026-03-07 00:33:05  [SKIP] Alo Baker - The Food Dude Ś country='AU' (not US)
2026-03-07 00:33:05  [SKIP] E-commerce Online Wala Ś country='IN' (not US)
2026-03-07 00:33:05  [SKIP] RenzyStyle Ś country='JM' (not US)
2026-03-07 00:33:05  [SKIP] TheGirlWhoKnots Ś country='AU' (not US)
2026-03-07 00:33:05  [SKIP] Allan Pensan Vlog Ś country='PH' (not US)
2026-03-07 00:33:05  [SKIP] oh so stitched Ś country='AU' (not US)
2026-03-07 00:33:05  [SKIP] Sew Unique Ś country='GB' (not US)
2026-03-07 00:33:05  [SKIP] Dellies Designs Ś country='GB' (not US)
2026-03-07 00:33:05  [SKIP] SwirliNyx Ś country='GB' (not US)
2026-03-07 00:33:05  [SKIP] whatmichaelareads Ś country='GB' (not US)
2026-03-07 00:33:05  [SKIP] Emma Nightingale Ś country='GB' (not US)
2026-03-07 00:33:05  
\u2500\u2500\u2500\u2500\u2500\u2500\u2500\u2500\u2500\u2500\u2500\u2500\u2500\u2500\u2500\u2500\u2500\u2500\u2500\u2500\u2500\u2500\u2500\u2500\u2500\u2500\u2500\u2500\u2500\u2500\u2500\u2500\u2500\u2500\u2500\u2500\u2500\u2500\u2500\u2500\u2500\u2500\u2500\u2500\u2500\u2500\u2500\u2500\u2500\u2500\u2500\u2500\u2500\u2500\u2500\u2500\u2500\u2500\u2500\u2500
2026-03-07 00:33:05  Run complete | Query='small business owner vlog' | Window=7 days | Language=English | Subs=1000¢50000 | Videos=300 | Channels=271 | Target=50 | Added=50 | Dupes=0 | OutOfRange=221
2026-03-07 00:33:05  \u2500\u2500\u2500\u2500\u2500\u2500\u2500\u2500\u2500\u2500\u2500\u2500\u2500\u2500\u2500\u2500\u2500\u2500\u2500\u2500\u2500\u2500\u2500\u2500\u2500\u2500\u2500\u2500\u2500\u2500\u2500\u2500\u2500\u2500\u2500\u2500\u2500\u2500\u2500\u2500\u2500\u2500\u2500\u2500\u2500\u2500\u2500\u2500\u2500\u2500\u2500\u2500\u2500\u2500\u2500\u2500\u2500\u2500\u2500\u2500

2026-03-07 01:07:11  file_cache is only supported with oauth2client<4.0.0
2026-03-07 01:07:20  file_cache is only supported with oauth2client<4.0.0
2026-03-07 01:07:29  file_cache is only supported with oauth2client<4.0.0
2026-03-07 01:07:58  [SKIP] REI TV Ś country='ZA' (not US)
2026-03-07 01:07:58  [SKIP] Prime Properties TO Ś country='CA' (not US)
2026-03-07 01:07:58  [SKIP] Make Your Own Destiny Ś country='GB' (not US)
2026-03-07 01:07:58  [SKIP] Chamberlain Real Estate Group Ś country='CA' (not US)
2026-03-07 01:07:58  [SKIP] Property Daily Ś country='IN' (not US)
2026-03-07 01:07:58  [SKIP] EUTERRA REAL ESTATE CONSULTANCY Ś country='PH' (not US)
2026-03-07 01:07:58  [SKIP] Binaryx Platform Ś country='DE' (not US)
2026-03-07 01:07:58  [SKIP] AJ Marketing Ś country='PK' (not US)
2026-03-07 01:07:58  [SKIP]  Sara Malvy Ś country='PK' (not US)
2026-03-07 01:07:58  [SKIP] Ragona Sisters: Canadian Real Estate & Market Talk Ś country='CA' (not US)
2026-03-07 01:07:58  [SKIP] Steven Leckie Ś country='AE' (not US)
2026-03-07 01:07:58  [SKIP] Telangana Today Ś country='IN' (not US)
2026-03-07 01:07:58  [SKIP] HNWI and Expat Investing with Adam Fayed Ś country='SG' (not US)
2026-03-07 01:07:58  [SKIP] Rahim Bah Ś country='GB' (not US)
2026-03-07 01:07:58  [SKIP] Opes Partners Ś country='NZ' (not US)
2026-03-07 01:07:58  [SKIP] Hans | German Realty Ś country='DE' (not US)
2026-03-07 01:07:58  [SKIP] Gorilla Real Estate Dubai Ś country='AE' (not US)
2026-03-07 01:07:58  [SKIP] Blake Chancey Personal Real Estate Corporation Ś country='CA' (not US)
2026-03-07 01:07:58  [SKIP] Vijay Singh Ś country='GB' (not US)
2026-03-07 01:07:58  [SKIP] Go Dominican Life Properties in Dominican Republic Ś country='DO' (not US)
2026-03-07 01:07:58  [SKIP] Stephen Chong Property Consultant Ś country='SG' (not US)
2026-03-07 01:07:58  [SKIP] Lewis Allsopp - Dubai Real Estate Ś country='AE' (not US)
2026-03-07 01:07:58  [SKIP] Axis Assets Ltd Ś country='KE' (not US)
2026-03-07 01:07:58  [SKIP] Musto Invest in Cambodia Ś country='IT' (not US)
2026-03-07 01:07:58  [SKIP] GSTONES GLOBAL PROPERTIES Ś country='GB' (not US)
2026-03-07 01:07:58  [SKIP] RP Enterprise Venture Ś country='IN' (not US)
2026-03-07 01:07:58  [SKIP] Blaise Rukumbuzi  Ś country='GB' (not US)
2026-03-07 01:07:58  [SKIP] Escape to Mexico Now Ś country='CA' (not US)
2026-03-07 01:07:58  [SKIP] Nong Wealth Ś country='ZA' (not US)
2026-03-07 01:07:58  [SKIP] INTERCOLLINS PROPERTIES Ś country='NG' (not US)
2026-03-07 01:07:58  [SKIP] Alfonso Cuadra Ś country='CA' (not US)
2026-03-07 01:07:58  [SKIP] The Investor Lab Ś country='AU' (not US)
2026-03-07 01:07:58  [SKIP] Yachting International Radio Ś country='CA' (not US)
2026-03-07 01:07:58  [SKIP] KeyAndSquare Ś country='IN' (not US)
2026-03-07 01:07:58  [SKIP] Aussie Explained - Housing Ś country='AU' (not US)
2026-03-07 01:07:58  [SKIP] Ken Dunn Ś country='CA' (not US)
2026-03-07 01:07:58  [SKIP] Australia Housing Report Ś country='IT' (not US)
2026-03-07 01:07:58  [SKIP] The Right Move | Alvin Chin Ś country='SG' (not US)
2026-03-07 01:07:58  [SKIP] PositiveRealEstateTV Ś country='AU' (not US)
2026-03-07 01:07:58  [SKIP] ESTATE AFFAIR Ś country='PK' (not US)
2026-03-07 01:07:58  [SKIP] Smash Property Investing Ś country='AU' (not US)
2026-03-07 01:07:58  [SKIP] Cheryl Henderson Punta Cana Ś country='DO' (not US)
2026-03-07 01:07:58  [SKIP] SAVVY INVESTOR Ś country='CA' (not US)
2026-03-07 01:07:58  [SKIP] Australian Property Talk with Redom Ś country='AU' (not US)
2026-03-07 01:07:58  [SKIP] Positive Mentor TV Ś country='AU' (not US)
2026-03-07 01:07:58  [SKIP] Exclusive Property Ś country='IT' (not US)
2026-03-07 01:07:58  [SKIP] REALTOR«, Investor, Host, Coach & Creator Ś country='CA' (not US)
2026-03-07 01:07:58  [SKIP] Opal Sky Media Ś country='AE' (not US)
2026-03-07 01:07:58  [SKIP] Bayut KSA l \u0628\u064a\u0648\u062a \u0627\u0644\u0633\u0639\u0648\u062f\u064a\u0629 Ś country='SA' (not US)
2026-03-07 01:07:58  [SKIP] Your Property Network Ś country='GB' (not US)
2026-03-07 01:07:58  [SKIP] Pizza and Property Ś country='AU' (not US)
2026-03-07 01:07:59  
\u2500\u2500\u2500\u2500\u2500\u2500\u2500\u2500\u2500\u2500\u2500\u2500\u2500\u2500\u2500\u2500\u2500\u2500\u2500\u2500\u2500\u2500\u2500\u2500\u2500\u2500\u2500\u2500\u2500\u2500\u2500\u2500\u2500\u2500\u2500\u2500\u2500\u2500\u2500\u2500\u2500\u2500\u2500\u2500\u2500\u2500\u2500\u2500\u2500\u2500\u2500\u2500\u2500\u2500\u2500\u2500\u2500\u2500\u2500\u2500
2026-03-07 01:07:59  Run complete | Query='real estate investor' | Window=7 days | Language=English | Subs=1000¢50000 | Videos=300 | Channels=240 | Target=50 | Added=50 | Dupes=0 | OutOfRange=190
2026-03-07 01:07:59  \u2500\u2500\u2500\u2500\u2500\u2500\u2500\u2500\u2500\u2500\u2500\u2500\u2500\u2500\u2500\u2500\u2500\u2500\u2500\u2500\u2500\u2500\u2500\u2500\u2500\u2500\u2500\u2500\u2500\u2500\u2500\u2500\u2500\u2500\u2500\u2500\u2500\u2500\u2500\u2500\u2500\u2500\u2500\u2500\u2500\u2500\u2500\u2500\u2500\u2500\u2500\u2500\u2500\u2500\u2500\u2500\u2500\u2500\u2500\u2500

2026-03-08 00:26:33  file_cache is only supported with oauth2client<4.0.0
2026-03-08 00:27:16  file_cache is only supported with oauth2client<4.0.0
2026-03-08 00:27:29  file_cache is only supported with oauth2client<4.0.0
2026-03-08 00:32:29  [SKIP] StudyTme Ś country='IT' (not US)
2026-03-08 00:32:29  [SKIP] Bilel Jkitou Ś country='FR' (not US)
2026-03-08 00:32:29  [SKIP] Marc CaTu Ś country='DE' (not US)
2026-03-08 00:32:29  [SKIP] James Drewe Ś country='GB' (not US)
2026-03-08 00:32:29  [SKIP] STALL MMA TV Ś country='DE' (not US)
2026-03-08 00:32:29  [SKIP] kara shaban Ś country='IN' (not US)
2026-03-08 00:32:29  [SKIP] Ben Williams Ś country='IE' (not US)
2026-03-08 00:32:29  [SKIP] Asef Ali Ś country='AU' (not US)
2026-03-08 00:32:29  [SKIP] Prasanna TKD Ś country='NP' (not US)
2026-03-08 00:32:29  [SKIP] \u30ab\u30eb\u30ed\u30b9\u5929\u91ce Ś country='JP' (not US)
2026-03-08 00:32:29  [SKIP] A Lion Singh Ś country='IN' (not US)
2026-03-08 00:32:29  [SKIP] Rachel Cole Ś country='GB' (not US)
2026-03-08 00:32:29  [SKIP] \uae40\ud615\uae08\ud0dc\uadf9\uad8c (KHKTAICHI) Ś country='KR' (not US)
2026-03-08 00:32:29  [SKIP] Anna Katkova  Ś country='DE' (not US)
2026-03-08 00:32:29  [SKIP] Khan Bhai Vlogs Ś country='PK' (not US)
2026-03-08 00:32:29  [SKIP] The Judo Nomad l Julien Brulard  Ś country='FR' (not US)
2026-03-08 00:32:29  [SKIP] \u6b66\u9053\u587e\u30c1\u30e3\u30f3\u30cd\u30eb Ś country='JP' (not US)
2026-03-08 00:32:29  [SKIP] Radha Radha (Betasawa comedy) Ś country='IN' (not US)
2026-03-08 00:32:29  [SKIP] \u83ca\u7530\u65e9\u82d7TV Ś country='JP' (not US)
2026-03-08 00:32:29  [SKIP] PADMAM Martial Mind Ś country='AT' (not US)
2026-03-08 00:32:29  [SKIP] Iwan Tagner Ś country='DE' (not US)
2026-03-08 00:32:29  [SKIP] Reflexiones Marciales Ś country='CO' (not US)
2026-03-08 00:32:29  [SKIP] Dominic ''THEDOM'' Schober Ś country='AT' (not US)
2026-03-08 00:32:29  [SKIP] \uae40\ub3cc\uc1a5 Ś country='KR' (not US)
2026-03-08 00:32:29  [SKIP] prof. Jaykumar Wahule Ś country='IN' (not US)
2026-03-08 00:32:29  [SKIP] \u3054\u3076\u30ab\u30af Ś country='JP' (not US)
2026-03-08 00:32:29  [SKIP] TUI BLUE Ś country='DE' (not US)
2026-03-08 00:32:29  [SKIP] \u767d\u84ee\u4f1a\u9928\u4e5d\u5dde\u672c\u90e8 Ś country='JP' (not US)
2026-03-08 00:32:29  [SKIP] \u958b\u904b\u300e\u5927\u548c\u6613\u30c1\u30e3\u30f3\u30cd\u30eb\u300f Ś country='JP' (not US)
2026-03-08 00:32:29  [SKIP] Durga Analytics Ś country='IN' (not US)
2026-03-08 00:32:29  [SKIP] \u5263\u9053\u306e\u3042\u308b\u751f\u6d3bthe movie Ś country='JP' (not US)
2026-03-08 00:32:29  [SKIP] Gakuzan Vlog Ś country='JP' (not US)
2026-03-08 00:32:29  [SKIP] Ioannis Palaiologos Ś country='GR' (not US)
2026-03-08 00:32:29  [SKIP] \ucf54\uc774\ub85c\uadf8 COSY VLOG Ś country='KR' (not US)
2026-03-08 00:32:29  [SKIP] \u5927\u78ef\u753a\u4f53\u80b2\u5354\u4f1a\u7a7a\u624b\u9053\u90e8 Ś country='JP' (not US)
2026-03-08 00:32:29  [SKIP] \u7d9c\u85dd\u53e8\u53e8\u53e8 Ś country='TW' (not US)
2026-03-08 00:32:29  [SKIP] \u897f\u6eaa\u7206\u7c73\u82b1\u5267\u573a Ś country='HK' (not US)
2026-03-08 00:32:29  [SKIP] \u5170\u59e8\u7231\u770b\u5267 Ś country='HK' (not US)
2026-03-08 00:32:29  [SKIP] Yatra Yoga Pramod Ś country='IN' (not US)
2026-03-08 00:32:29  [SKIP] \u30b7\u30f3\u30b8\u306e\u30c7\u30a4\u30c8\u30ec\u30fc\u30c9 Ś country='JP' (not US)
2026-03-08 00:32:29  [SKIP] Matcha_Japan Ś country='JP' (not US)
2026-03-08 00:32:29  [SKIP] \u83ef\u5287TV Ś country='HK' (not US)
2026-03-08 00:32:30  
\u2500\u2500\u2500\u2500\u2500\u2500\u2500\u2500\u2500\u2500\u2500\u2500\u2500\u2500\u2500\u2500\u2500\u2500\u2500\u2500\u2500\u2500\u2500\u2500\u2500\u2500\u2500\u2500\u2500\u2500\u2500\u2500\u2500\u2500\u2500\u2500\u2500\u2500\u2500\u2500\u2500\u2500\u2500\u2500\u2500\u2500\u2500\u2500\u2500\u2500\u2500\u2500\u2500\u2500\u2500\u2500\u2500\u2500\u2500\u2500
2026-03-08 00:32:30  Run complete | Query='martial arts academy vlog' | Window=7 days | Language=English | Subs=1000¢50000 | Videos=214 | Channels=179 | Target=50 | Added=30 | Dupes=0 | OutOfRange=149
2026-03-08 00:32:30  \u2500\u2500\u2500\u2500\u2500\u2500\u2500\u2500\u2500\u2500\u2500\u2500\u2500\u2500\u2500\u2500\u2500\u2500\u2500\u2500\u2500\u2500\u2500\u2500\u2500\u2500\u2500\u2500\u2500\u2500\u2500\u2500\u2500\u2500\u2500\u2500\u2500\u2500\u2500\u2500\u2500\u2500\u2500\u2500\u2500\u2500\u2500\u2500\u2500\u2500\u2500\u2500\u2500\u2500\u2500\u2500\u2500\u2500\u2500\u2500

2026-03-08 00:36:00  file_cache is only supported with oauth2client<4.0.0
2026-03-08 00:36:08  file_cache is only supported with oauth2client<4.0.0
2026-03-08 00:36:36  [SKIP] Go Dominican Life Properties in Dominican Republic Ś country='DO' (not US)
2026-03-08 00:36:36  [SKIP] MODERNLIBERIATV Ś country='GB' (not US)
2026-03-08 00:36:36  [SKIP] Sravan Info Telugu Ś country='IN' (not US)
2026-03-08 00:36:36  [SKIP] Holistic Investment Ś country='IN' (not US)
2026-03-08 00:36:36  [SKIP] Alex Molly TV Ś country='CA' (not US)
2026-03-08 00:36:36  [SKIP] Suen (The Art of Crypto) Ś country='MY' (not US)
2026-03-08 00:36:36  [SKIP] MarisolÆs Channel Travel & Adventure  Ś country='CA' (not US)
2026-03-08 00:36:36  [SKIP] Real New Zealand Adventures Ś country='NZ' (not US)
2026-03-08 00:36:36  [SKIP] Pothu Nalam Virumbi Ś country='IN' (not US)
2026-03-08 00:36:36  [SKIP] CryptoLabs Research | Defi Income & Investing Ś country='CA' (not US)
2026-03-08 00:36:36  [SKIP] Chris Brycki, Stockspot Ś country='AU' (not US)
2026-03-08 00:36:36  [SKIP] WE ARE GHANAIANS Ś country='GH' (not US)
2026-03-08 00:36:36  [SKIP] Eat Venture Vlogs Ś country='AU' (not US)
2026-03-08 00:36:36  [SKIP] Cruising after 50 Ś country='CH' (not US)
2026-03-08 00:36:36  [SKIP] old coin how Ś country='IN' (not US)
2026-03-08 00:36:36  [SKIP] Heart to Heart TV Ś country='NG' (not US)
2026-03-08 00:36:36  [SKIP] Sundays with Jamie Ś country='AU' (not US)
2026-03-08 00:36:36  [SKIP] PRANAV REAL ESTATE_PROPERTY VLOGS Ś country='IN' (not US)
2026-03-08 00:36:36  [SKIP] Nawaz Jaam Ģ 154K views Ģ 4 hour ago... Ś country='PK' (not US)
2026-03-08 00:36:36  [SKIP] LIFE CATCHER Ś country='IN' (not US)
2026-03-08 00:36:36  [SKIP] Irfan Hashmi Talks Ś country='GB' (not US)
2026-03-08 00:36:36  [SKIP] The Blackpool Lads Ś country='GB' (not US)
2026-03-08 00:36:36  [SKIP] My Compound Life Ś country='GB' (not US)
2026-03-08 00:36:36  [SKIP] Brittany Morgan Ś country='CA' (not US)
2026-03-08 00:36:36  [SKIP] Financial Education By Mukul Agrawal Ś country='IN' (not US)
2026-03-08 00:36:36  [SKIP] BTC NIFTY TAMIL Ś country='IN' (not US)
2026-03-08 00:36:36  [SKIP] JM KAUNDU Ś country='KE' (not US)
2026-03-08 00:36:36  [SKIP] Living On A Low Income UK Ś country='GB' (not US)
2026-03-08 00:36:36  [SKIP] Dhanda AgroFarm Ś country='IN' (not US)
2026-03-08 00:36:36  [SKIP] Living in Edmonton for Families Ś country='CA' (not US)
2026-03-08 00:36:36  [SKIP] Chappy's Tiki Bar Ś country='CA' (not US)
2026-03-08 00:36:36  [SKIP] Dividend Guy Ś country='CA' (not US)
2026-03-08 00:36:36  [DUPE] Home in Dallas Texas (https://www.youtube.com/channel/UCzpkzCuQHgQxfc8O-NiDcYw) already in sheet Ś checking found_via.
2026-03-08 00:36:36  [SKIP] Learn Cardano Ś country='AU' (not US)
2026-03-08 00:36:36  [SKIP] Kamran Memon Bawany Official Ś country='PK' (not US)
2026-03-08 00:36:36  [SKIP] Randy Kirk Ś matched blacklist keyword 'esl'
2026-03-08 00:36:36  [SKIP] Tom Sabo Ś country='HU' (not US)
2026-03-08 00:36:36  [SKIP] Silver Lining Analysis Ś country='NL' (not US)
2026-03-08 00:36:36  [SKIP] Anise London Ś country='GB' (not US)
2026-03-08 00:36:36  [SKIP] Kamma Dyn Ś country='GB' (not US)
2026-03-08 00:36:36  [SKIP] Trading Gold with Janna FX Ś country='GB' (not US)
2026-03-08 00:36:36  [SKIP] Alwin & Emma Ś country='PH' (not US)
2026-03-08 00:36:36  [SKIP] Fund Master Ś country='IN' (not US)
2026-03-08 00:36:36  [SKIP] Ek Bihari Trader Ś country='IN' (not US)
2026-03-08 00:36:36  [SKIP] Sheikh Qaiser Official Ś country='PK' (not US)
2026-03-08 00:36:36  [SKIP] Mattculli Ś country='GB' (not US)
2026-03-08 00:36:36  [SKIP] Katherine Useh Ś country='NG' (not US)
2026-03-08 00:36:36  [SKIP] UK Restoration Services Ś country='GB' (not US)
2026-03-08 00:36:36  [SKIP] LaLa The High Vibe Coach | Juicy & Raw Lifestyle Ś matched blacklist keyword 'lifestyle'
2026-03-08 00:36:36  [SKIP] Amma's Kitchen Ś country='IN' (not US)
2026-03-08 00:36:36  [SKIP] Uks trading  Ś country='IN' (not US)
2026-03-08 00:36:36  [SKIP] Fred Chimelli Ś country='BR' (not US)
2026-03-08 00:36:36  [SKIP] Sam KB Ś country='GB' (not US)
2026-03-08 00:36:36  [SKIP] Gospodarka bez Iluzji Ś country='PL' (not US)
2026-03-08 00:36:37  [FOUND_VIA] Updated https://www.youtube.com/channel/UCzpkzCuQHgQxfc8O-NiDcYw \u2192 investing channel vlog
2026-03-08 00:36:37        found_via updated for 1 existing rows.
2026-03-08 00:36:37  
\u2500\u2500\u2500\u2500\u2500\u2500\u2500\u2500\u2500\u2500\u2500\u2500\u2500\u2500\u2500\u2500\u2500\u2500\u2500\u2500\u2500\u2500\u2500\u2500\u2500\u2500\u2500\u2500\u2500\u2500\u2500\u2500\u2500\u2500\u2500\u2500\u2500\u2500\u2500\u2500\u2500\u2500\u2500\u2500\u2500\u2500\u2500\u2500\u2500\u2500\u2500\u2500\u2500\u2500\u2500\u2500\u2500\u2500\u2500\u2500
2026-03-08 00:36:37  Run complete | Query='investing channel vlog' | Window=7 days | Language=English | Subs=1000¢50000 | Videos=300 | Channels=227 | Target=50 | Added=50 | Dupes=1 | OutOfRange=176
2026-03-08 00:36:37  \u2500\u2500\u2500\u2500\u2500\u2500\u2500\u2500\u2500\u2500\u2500\u2500\u2500\u2500\u2500\u2500\u2500\u2500\u2500\u2500\u2500\u2500\u2500\u2500\u2500\u2500\u2500\u2500\u2500\u2500\u2500\u2500\u2500\u2500\u2500\u2500\u2500\u2500\u2500\u2500\u2500\u2500\u2500\u2500\u2500\u2500\u2500\u2500\u2500\u2500\u2500\u2500\u2500\u2500\u2500\u2500\u2500\u2500\u2500\u2500

2026-03-08 00:56:25  file_cache is only supported with oauth2client<4.0.0
2026-03-08 00:57:05  file_cache is only supported with oauth2client<4.0.0
2026-03-08 00:57:19  [SKIP] The Financial Coconut TFC Ś country='SG' (not US)
2026-03-08 00:57:19  [SKIP] Finance with Anand  Ś country='IN' (not US)
2026-03-08 00:57:19  [SKIP] Canada Property Watch Ś country='CA' (not US)
2026-03-08 00:57:19  [SKIP] Blueprint Finance  Ś country='NZ' (not US)
2026-03-08 00:57:19  [SKIP] Growth Ranjith Ś country='IN' (not US)
2026-03-08 00:57:19  [SKIP] Reseller George  Ś country='GB' (not US)
2026-03-08 00:57:19  [SKIP] Chart Fanatics Live Ś country='GB' (not US)
2026-03-08 00:57:19  [SKIP] Frederik Winther Larsen Ś country='DK' (not US)
2026-03-08 00:57:19  [SKIP] Business Franchise Guru Ś country='PH' (not US)
2026-03-08 00:57:19  [SKIP] The Filipino Daily Ś country='PH' (not US)
2026-03-08 00:57:19  [SKIP] Anupam Tripathi Finance  Ś country='IN' (not US)
2026-03-08 00:57:19  [SKIP] Candle King Fanpage Ś country='IN' (not US)
2026-03-08 00:57:19  [SKIP] REALTOR«, Investor, Host, Coach & Creator Ś country='CA' (not US)
2026-03-08 00:57:19  [SKIP] Wisdom of the Prophets Ś country='GB' (not US)
2026-03-08 00:57:19  [SKIP] Dr.Matrix Ś country='IN' (not US)
2026-03-08 00:57:19  [SKIP] Mike Vardy: The Art of TimeCrafting Ś country='CA' (not US)
2026-03-08 00:57:19  [SKIP] Danisdriven Ś country='CA' (not US)
2026-03-08 00:57:20    Query='personal finance creator' | Videos=150 | Channels=105 | Added=25 | Dupes=0 | Skipped=80
2026-03-08 00:57:35  [SKIP] Vantage Plus Ś country='AU' (not US)
2026-03-08 00:57:35  [SKIP] Wall Street X Ś country='CA' (not US)
2026-03-08 00:57:35  [SKIP] MoneyMind Finance Ś country='PT' (not US)
2026-03-08 00:57:35  [SKIP] Trading HT \U0001f4c8 Ś country='ES' (not US)
2026-03-08 00:57:35  [SKIP] WolfOut Traders Ś country='IN' (not US)
2026-03-08 00:57:35  [SKIP] MCO Global Equities & Commodities Ś country='GB' (not US)
2026-03-08 00:57:35  [SKIP] ASVP -Prop. Price Action Trading Training&Research Ś country='IN' (not US)
2026-03-08 00:57:35  [SKIP] Rudy's Chart Based ETFs : ASX & US Ś country='AU' (not US)
2026-03-08 00:57:35  [SKIP] STOCK MARKET EAGLE Ś country='IN' (not US)
2026-03-08 00:57:35  [SKIP] High Frequency Trading Ś country='IT' (not US)
2026-03-08 00:57:35  [SKIP] Flash by StockSentinel ai Ś country='CA' (not US)
2026-03-08 00:57:35  [SKIP] Haseeb Ka Naseeb Ś country='IN' (not US)
2026-03-08 00:57:36    Query='stock market independent' | Videos=150 | Channels=87 | Added=21 | Dupes=0 | Skipped=66
2026-03-08 00:57:36  
\u2500\u2500\u2500\u2500\u2500\u2500\u2500\u2500\u2500\u2500\u2500\u2500\u2500\u2500\u2500\u2500\u2500\u2500\u2500\u2500\u2500\u2500\u2500\u2500\u2500\u2500\u2500\u2500\u2500\u2500\u2500\u2500\u2500\u2500\u2500\u2500\u2500\u2500\u2500\u2500\u2500\u2500\u2500\u2500\u2500\u2500\u2500\u2500\u2500\u2500\u2500\u2500\u2500\u2500\u2500\u2500\u2500\u2500\u2500\u2500
2026-03-08 00:57:36  Batch complete | Niche=Finance | Queries=2 | Window=7 days | Subs=1000¢50000 | Total Added=46 | Total Dupes=0 | Total Skipped=146
2026-03-08 00:57:36  \u2500\u2500\u2500\u2500\u2500\u2500\u2500\u2500\u2500\u2500\u2500\u2500\u2500\u2500\u2500\u2500\u2500\u2500\u2500\u2500\u2500\u2500\u2500\u2500\u2500\u2500\u2500\u2500\u2500\u2500\u2500\u2500\u2500\u2500\u2500\u2500\u2500\u2500\u2500\u2500\u2500\u2500\u2500\u2500\u2500\u2500\u2500\u2500\u2500\u2500\u2500\u2500\u2500\u2500\u2500\u2500\u2500\u2500\u2500\u2500

2026-03-08 01:38:35  file_cache is only supported with oauth2client<4.0.0
2026-03-08 01:39:18  file_cache is only supported with oauth2client<4.0.0
2026-03-08 01:40:22  file_cache is only supported with oauth2client<4.0.0
2026-03-08 01:40:35  file_cache is only supported with oauth2client<4.0.0
2026-03-08 01:40:53  [SKIP] Mature Boudoir Beauty Ś country='BR' (not US)
2026-03-08 01:40:53  [SKIP] Pinoy.PersonalFinance Ś country='CA' (not US)
2026-03-08 01:40:53  [SKIP] JM KAUNDU Ś country='KE' (not US)
2026-03-08 01:40:53  [SKIP] The Financial Edge With Investor Joe  Ś country='NG' (not US)
2026-03-08 01:40:53  [SKIP] Sadi Money Moves Ś country='ES' (not US)
2026-03-08 01:40:53  [SKIP] Stocks Galore - Stock Picks & Investing Insights Ś country='CA' (not US)
2026-03-08 01:40:53  [SKIP] BRK Market Buzz Ś country='IN' (not US)
2026-03-08 01:40:53  [SKIP] Modern Muslim Finance Ś country='SG' (not US)
2026-03-08 01:40:53  [SKIP] Finance Daily Ś country='IN' (not US)
2026-03-08 01:40:53  [SKIP] TRULY UNIQUE AUDIOBOOKS Ś country='IN' (not US)
2026-03-08 01:40:53  [SKIP] Living On A Low Income UK Ś country='GB' (not US)
2026-03-08 01:40:53  [SKIP] News&Advices Ś country='KH' (not US)
2026-03-08 01:40:53  [SKIP] Alicia Invests Ś country='KR' (not US)
2026-03-08 01:40:53  [SKIP] TK(Pro) Ś country='PK' (not US)
2026-03-08 01:40:53  [SKIP] D K SINHA  Ś country='IN' (not US)
2026-03-08 01:40:53  [SKIP] Nomazdiary | Financial Coach Ś country='ZA' (not US)
2026-03-08 01:40:53  [SKIP] SumanTV Money Purse Ś country='IN' (not US)
2026-03-08 01:40:53  [SKIP] Amma's Kitchen Ś country='IN' (not US)
2026-03-08 01:40:53  [SKIP] Recovery Agent Ki Bajao Ś country='IN' (not US)
2026-03-08 01:40:53  [SKIP] SumanTV Wealth Ś country='IN' (not US)
2026-03-08 01:40:53  [SKIP] Frederik Winther Larsen Ś country='DK' (not US)
2026-03-08 01:40:53  [SKIP] Deepak Baisla Ś country='IN' (not US)
2026-03-08 01:40:54    Query='personal finance tips channel' | Videos=175 | Channels=110 | Added=15 | Dupes=0 | Skipped=95
2026-03-08 01:41:23  [SKIP] The Trade Setup Ś country='RO' (not US)
2026-03-08 01:41:23  [SKIP] Iftekhar Wasfi Ś country='GB' (not US)
2026-03-08 01:41:23  [SKIP] Indian Stock Trader Ś country='IN' (not US)
2026-03-08 01:41:23  [SKIP] Peak Line Consultancy Ś country='PK' (not US)
2026-03-08 01:41:23  [DUPE] Lottery Stocks (https://www.youtube.com/channel/UCpDIpBd3rAbPc2ZTPSEUgug) already in sheet Ś checking found_via.
2026-03-08 01:41:23  [SKIP] PakistanStockData Ś country='PK' (not US)
2026-03-08 01:41:23  [SKIP] TheTeslaGuy Ś matched blacklist keyword 'esl'
2026-03-08 01:41:23  [SKIP] Warren Buffet University Ś country='PK' (not US)
2026-03-08 01:41:23  [SKIP] VIKASH BAGARIA Ś country='IN' (not US)
2026-03-08 01:41:23  [SKIP] MCO Global Equities & Commodities Ś country='GB' (not US)
2026-03-08 01:41:23  [SKIP] KG TRADING - Stock Market Elliott Wave Ś country='DE' (not US)
2026-03-08 01:41:23  [SKIP] Technical Analysis of BD Share Market Ś country='BD' (not US)
2026-03-08 01:41:23  [SKIP] Nagaraj Balasubramaniam Official Ś country='IN' (not US)
2026-03-08 01:41:23  [SKIP] Krishna Bulls  Ś country='IN' (not US)
2026-03-08 01:41:23  [SKIP] NSE360░ by Sikkankr 1M Ś country='IN' (not US)
2026-03-08 01:41:23  [SKIP] Zafar Securities Pvt Ltd Ś country='PK' (not US)
2026-03-08 01:41:23  [SKIP] The Timeframe Ś country='IN' (not US)
2026-03-08 01:41:23  [SKIP] Pakistan Share Market Updates Ś country='PK' (not US)
2026-03-08 01:41:23  [SKIP] KShahzad - Money & Investments Ś country='PK' (not US)
2026-03-08 01:41:23  [SKIP] JASSI TECH Ś country='IN' (not US)
2026-03-08 01:41:23  [SKIP] Stock Market Unlimited Ś country='IN' (not US)
2026-03-08 01:41:23  [SKIP] AAA Profit Analytics Ś country='IN' (not US)
2026-03-08 01:41:23  [SKIP] The Trend-Aware Investor Ś country='CA' (not US)
2026-03-08 01:41:23  [SKIP] Stock Market Palantir Ś country='ES' (not US)
2026-03-08 01:41:23  [SKIP] Wall Street Market Insight Ś matched blacklist keyword 'esl'
2026-03-08 01:41:23  [DUPE] The Dalio Method (https://www.youtube.com/channel/UCE2ojtwTlNX_Va6YiSqZa7A) already in sheet Ś checking found_via.
2026-03-08 01:41:23  [SKIP] Joey Choy Ś country='SG' (not US)
2026-03-08 01:41:23  [SKIP] Invest With MarketMinds Ś country='IN' (not US)
2026-03-08 01:41:23  [SKIP] THE CANDLE COACH  Ś country='IN' (not US)
2026-03-08 01:41:23  [SKIP] Market Ko Khabar Ś country='NP' (not US)
2026-03-08 01:41:23  [SKIP] Trade Like Dude Ś country='AE' (not US)
2026-03-08 01:41:23  [SKIP] Wizard Trader Live  Ś country='IN' (not US)
2026-03-08 01:41:24  [DUPE UPDATE] https://www.youtube.com/channel/UCpDIpBd3rAbPc2ZTPSEUgug | found_via\u2192investing channel vlog, stock market explained channel | niche\u2192finance, Finance
2026-03-08 01:41:24  [DUPE UPDATE] https://www.youtube.com/channel/UCE2ojtwTlNX_Va6YiSqZa7A | found_via\u2192personal finance tips channel, stock market explained channel | niche\u2192Finance
2026-03-08 01:41:24    Query='stock market explained channel' | Videos=300 | Channels=179 | Added=32 | Dupes=2 | Skipped=145
2026-03-08 01:41:44  [SKIP] Invest With MarketMinds Ś country='IN' (not US)
2026-03-08 01:41:44  [SKIP] Australia Housing Report Ś country='IT' (not US)
2026-03-08 01:41:44  [SKIP] Anurag Dwivedi Classes( IIT MBA Finance ) Ś country='IN' (not US)
2026-03-08 01:41:44  [SKIP] Poke Profit Ś country='CA' (not US)
2026-03-08 01:41:44  [SKIP] Sam's Shiny Stocks Ś country='AU' (not US)
2026-03-08 01:41:44  [SKIP] Financial Crux Ś country='PK' (not US)
2026-03-08 01:41:44  [DUPE] VJ Dhana (https://www.youtube.com/channel/UCXqiLiKmv4lzX2HdNR4K1-g) already in sheet Ś checking found_via.
2026-03-08 01:41:44  [SKIP] Sadhan Ś country='IN' (not US)
2026-03-08 01:41:44  [SKIP] Master Leong  Ś country='SG' (not US)
2026-03-08 01:41:44  [DUPE] Black Swan (https://www.youtube.com/channel/UCU1Ierna1ylEPgk6oIxHZGw) already in sheet Ś checking found_via.
2026-03-08 01:41:44  [SKIP] The Core Ś country='IN' (not US)
2026-03-08 01:41:44  [SKIP] Alicia Invests Ś country='KR' (not US)
2026-03-08 01:41:44  [DUPE] KeviStrategy (https://www.youtube.com/channel/UCP0gNXFldafKptzbXMx92Mg) already in sheet Ś checking found_via.
2026-03-08 01:41:44  [SKIP] \u970d\u6bd4\u7279\u5c0f\u7070 Ś country='HK' (not US)
2026-03-08 01:41:44  [SKIP] Zebu Ś country='IN' (not US)
2026-03-08 01:41:44  [DUPE] Dipika trader (https://www.youtube.com/channel/UC3E3RP8K5V8vjeqnRxbzCsg) already in sheet Ś checking found_via.
2026-03-08 01:41:44  [DUPE] Wealth Mindset 99 (https://www.youtube.com/channel/UCMMc5JRcg72a8E6ZyyGCJaQ) already in sheet Ś checking found_via.
2026-03-08 01:41:44  [SKIP] THA STOCKSNIPER TV Ś matched blacklist keyword 'reaction'
2026-03-08 01:41:44  [SKIP] Ali Shah Reinvent Ś country='PK' (not US)
2026-03-08 01:41:44  [SKIP] Trade With Priya Ś country='IN' (not US)
2026-03-08 01:41:44  [SKIP] Valente Productions Ś country='GB' (not US)
2026-03-08 01:41:44  [DUPE] PropFirmTrader (https://www.youtube.com/channel/UC1rLYUaIXsKROTqAJ-k882Q) already in sheet Ś checking found_via.
2026-03-08 01:41:44  [SKIP] Scroft Ś country='GB' (not US)
2026-03-08 01:41:44  [SKIP] Akash Gondawale Ś country='IN' (not US)
2026-03-08 01:41:45  [DUPE UPDATE] https://www.youtube.com/channel/UCMMc5JRcg72a8E6ZyyGCJaQ | found_via\u2192personal finance tips channel, investing how to channel | niche\u2192Finance
2026-03-08 01:41:46  [DUPE UPDATE] https://www.youtube.com/channel/UC1rLYUaIXsKROTqAJ-k882Q | found_via\u2192personal finance tips channel, investing how to channel | niche\u2192Finance
2026-03-08 01:41:46  [DUPE UPDATE] https://www.youtube.com/channel/UCXqiLiKmv4lzX2HdNR4K1-g | found_via\u2192stock market explained channel, investing how to channel | niche\u2192Finance
2026-03-08 01:41:46  [DUPE UPDATE] https://www.youtube.com/channel/UCU1Ierna1ylEPgk6oIxHZGw | found_via\u2192stock market explained channel, investing how to channel | niche\u2192Finance
2026-03-08 01:41:47  [DUPE UPDATE] https://www.youtube.com/channel/UC3E3RP8K5V8vjeqnRxbzCsg | found_via\u2192stock market explained channel, investing how to channel | niche\u2192Finance
2026-03-08 01:41:47  [DUPE UPDATE] https://www.youtube.com/channel/UCP0gNXFldafKptzbXMx92Mg | found_via\u2192stock market explained channel, investing how to channel | niche\u2192Finance
2026-03-08 01:41:47    Query='investing how to channel' | Videos=175 | Channels=136 | Added=9 | Dupes=6 | Skipped=121
2026-03-08 01:42:15  [SKIP] PajonHD Ś country='NG' (not US)
2026-03-08 01:42:15  [DUPE] Peruvian Bull (https://www.youtube.com/channel/UCEcuGzyEYOcNG32SBAGM7Sw) already in sheet Ś checking found_via.
2026-03-08 01:42:15  [SKIP] Andrew Ferguson Ś country='CA' (not US)
2026-03-08 01:42:15  [DUPE] Lottery Stocks (https://www.youtube.com/channel/UCpDIpBd3rAbPc2ZTPSEUgug) already in sheet Ś checking found_via.
2026-03-08 01:42:15  [SKIP] Divergence Trading Ś country='CA' (not US)
2026-03-08 01:42:15  [SKIP] Vantage Plus Ś country='AU' (not US)
2026-03-08 01:42:15  [SKIP] Mudrex Ś country='IN' (not US)
2026-03-08 01:42:15  [SKIP] Sal The CPA Ś country='CA' (not US)
2026-03-08 01:42:15  [SKIP] Chris Brycki, Stockspot Ś country='AU' (not US)
2026-03-08 01:42:15  [SKIP] MIRAFOREX Ś country='NG' (not US)
2026-03-08 01:42:15  [SKIP] SETRA  Ś country='AE' (not US)
2026-03-08 01:42:15  [SKIP] Gann Supremacy Ś country='IN' (not US)
2026-03-08 01:42:15  [SKIP] Suen (The Art of Crypto) Ś country='MY' (not US)
2026-03-08 01:42:15  [SKIP] Wright Research Ś country='IN' (not US)
2026-03-08 01:42:15  [DUPE] Cameron Burke (https://www.youtube.com/channel/UCeLjOtdniREbtd4LiO7P7jw) already in sheet Ś checking found_via.
2026-03-08 01:42:15  [SKIP] valuetrendcanada Ś country='CA' (not US)
2026-03-08 01:42:15  [DUPE] CryptoCoinMindSet (https://www.youtube.com/channel/UCm378Ig8eUKu_D2xU3z6cOQ) already in sheet Ś checking found_via.
2026-03-08 01:42:15  [SKIP] Canada Housing Report Ś country='IT' (not US)
2026-03-08 01:42:15  [SKIP] Pennybois Trade Alerts Ś matched blacklist keyword 'reaction'
2026-03-08 01:42:15  [SKIP] Dr Hannes Dreyer Ś country='ZA' (not US)
2026-03-08 01:42:15  [SKIP] Silver Lining Analysis Ś country='NL' (not US)
2026-03-08 01:42:15  [SKIP] ETF Market Insights Ś country='CA' (not US)
2026-03-08 01:42:15  [SKIP] \U0001d415\U0001d425\U0001d428\U0001d420\U0001d42c \U0001d41b\U0001d432 \U0001d400\U0001d41b\U0001d421\U0001d422\U0001d42c\U0001d421\U0001d41e\U0001d424 Ś country='IN' (not US)
2026-03-08 01:42:15  [SKIP] DharaAstro Ś country='IN' (not US)
2026-03-08 01:42:15  [SKIP] Zero to Hero Ś country='EE' (not US)
2026-03-08 01:42:15  [DUPE] Living in Fort Myers Florida - Craig Cunha (https://www.youtube.com/channel/UCFW1dnctknGp64fXb6ZUo6A) already in sheet Ś checking found_via.
2026-03-08 01:42:15  [SKIP] 0.1% Club Ś country='IN' (not US)
2026-03-08 01:42:15  [SKIP] Tom Sabo Ś country='HU' (not US)
2026-03-08 01:42:15  [SKIP] Diary of a Thrifter Ś country='CA' (not US)
2026-03-08 01:42:15  [SKIP] Australia Housing Report Ś country='IT' (not US)
2026-03-08 01:42:15  [SKIP] Shaun Newman Podcast Ś country='CA' (not US)
2026-03-08 01:42:15  [SKIP] Vaishnavi dancer Ś country='IN' (not US)
2026-03-08 01:42:15  [SKIP] Dimple Choudhary Ś country='IN' (not US)
2026-03-08 01:42:15  [DUPE] Pro Trader Strategies TV (https://www.youtube.com/channel/UC28zA_tyJbRTrnQ-wQuXl6w) already in sheet Ś checking found_via.
2026-03-08 01:42:15  [SKIP] TraderRehanHusain2.0 Ś country='IN' (not US)
2026-03-08 01:42:15  [SKIP] Investopoly podcast Ś country='AU' (not US)
2026-03-08 01:42:15  [SKIP] Rafa Mendes Ś country='BR' (not US)
2026-03-08 01:42:15  [SKIP] THE STOCK BLOG Ś country='IN' (not US)
2026-03-08 01:42:15  [SKIP] AdelinBTC Ś country='ES' (not US)
2026-03-08 01:42:15  [SKIP] Julia ┴bi-SŌmara - As Investidoras Ś country='BR' (not US)
2026-03-08 01:42:15  [SKIP] The block vlog Ś country='AE' (not US)
2026-03-08 01:42:15  [SKIP] Sheikh Qaiser Official Ś country='PK' (not US)
2026-03-08 01:42:15  [SKIP] Romeo Francisco Ś country='ZA' (not US)
2026-03-08 01:42:15  [SKIP] Zee Razaq | GoldHouse Accounting Ś country='GB' (not US)
2026-03-08 01:42:15  [SKIP] Sanjay Sarkar Official Ś country='IN' (not US)
2026-03-08 01:42:15  [SKIP] Joey Choy Ś country='SG' (not US)
2026-03-08 01:42:15  [SKIP] Gamda no trader Ś country='IN' (not US)
2026-03-08 01:42:15  [SKIP] Dhanda AgroFarm Ś country='IN' (not US)
2026-03-08 01:42:16  [DUPE UPDATE] https://www.youtube.com/channel/UCpDIpBd3rAbPc2ZTPSEUgug | found_via\u2192investing channel vlog, stock market explained channel, financial advisor vlog | niche\u2192finance, Finance
2026-03-08 01:42:17  [DUPE UPDATE] https://www.youtube.com/channel/UCeLjOtdniREbtd4LiO7P7jw | found_via\u2192investing channel vlog, financial advisor vlog | niche\u2192finance, Finance
2026-03-08 01:42:17  [DUPE UPDATE] https://www.youtube.com/channel/UC28zA_tyJbRTrnQ-wQuXl6w | found_via\u2192investing channel vlog, financial advisor vlog | niche\u2192finance, Finance
2026-03-08 01:42:18  [DUPE UPDATE] https://www.youtube.com/channel/UCFW1dnctknGp64fXb6ZUo6A | found_via\u2192investing channel vlog, financial advisor vlog | niche\u2192finance, Finance
2026-03-08 01:42:18  [DUPE UPDATE] https://www.youtube.com/channel/UCEcuGzyEYOcNG32SBAGM7Sw | found_via\u2192investing channel vlog, financial advisor vlog | niche\u2192finance, Finance
2026-03-08 01:42:19  [DUPE UPDATE] https://www.youtube.com/channel/UCm378Ig8eUKu_D2xU3z6cOQ | found_via\u2192investing channel vlog, financial advisor vlog | niche\u2192finance, Finance
2026-03-08 01:42:19    Query='financial advisor vlog' | Videos=300 | Channels=199 | Added=50 | Dupes=6 | Skipped=143
2026-03-08 01:42:48  [SKIP] Daily Tips with bukky Ś country='NG' (not US)
2026-03-08 01:42:48  [DUPE] Let's Go! Travel Tips (https://www.youtube.com/channel/UCPjiUpsyS8nnLlSSAWH5oHA) already in sheet Ś checking found_via.
2026-03-08 01:42:48  [SKIP] UniqueAxie ForSale Ś country='PH' (not US)
2026-03-08 01:42:48  [SKIP] Rupayi Telugu Ś country='IN' (not US)
2026-03-08 01:42:48  [DUPE] MaximusCrypto (https://www.youtube.com/channel/UCEE9gkTnK9uP1s0b7glwaiQ) already in sheet Ś checking found_via.
2026-03-08 01:42:48  [SKIP] Income And Tech Update Ś country='BD' (not US)
2026-03-08 01:42:48  [SKIP] virtual explained Ś country='IN' (not US)
2026-03-08 01:42:48  [DUPE] OG Asian Guy (https://www.youtube.com/channel/UCYJdXK0T1sOk1mS-gYSFaew) already in sheet Ś checking found_via.
2026-03-08 01:42:48  [SKIP] Triangle Investor  Ś country='HR' (not US)
2026-03-08 01:42:48  [SKIP] Bala Kishore Telugu Ś country='IN' (not US)
2026-03-08 01:42:48  [SKIP] Youtube Explainer Ś country='BD' (not US)
2026-03-08 01:42:48  [SKIP] Azlan Mode Ģ 759K views Ģ 6 days ago



... Ś country='IN' (not US)
2026-03-08 01:42:48  [SKIP] ICT_DINESH Ś country='IN' (not US)
2026-03-08 01:42:48  [SKIP] IndieFolio Ś country='IN' (not US)
2026-03-08 01:42:48  [SKIP] Rahul Baroliya Ś country='IN' (not US)
2026-03-08 01:42:48  [SKIP] Grow with Arjun  Ś country='IN' (not US)
2026-03-08 01:42:48  [SKIP] Revanth Chalamala Ś country='IN' (not US)
2026-03-08 01:42:48  [SKIP] JobCircuit Ś country='IN' (not US)
2026-03-08 01:42:48  [SKIP] Off the Script Therapy Ś country='GB' (not US)
2026-03-08 01:42:48  [SKIP] Warren Buffet University Ś country='PK' (not US)
2026-03-08 01:42:48  [SKIP] Harshit Noida se Ś country='IN' (not US)
2026-03-08 01:42:48  [SKIP] Professsor L Horse Racing Time Predictions Ś country='JM' (not US)
2026-03-08 01:42:48  [SKIP] Nick Saraev Daily Updates Ś country='CA' (not US)
2026-03-08 01:42:48  [SKIP] Editing with piyush Ś country='IN' (not US)
2026-03-08 01:42:48  [SKIP] Creovance Ś country='IN' (not US)
2026-03-08 01:42:48  [SKIP] Devansh Dhiman Ś country='IN' (not US)
2026-03-08 01:42:48  [SKIP] MINING Ś country='CA' (not US)
2026-03-08 01:42:48  [SKIP] Shivansh B. Ś country='IN' (not US)
2026-03-08 01:42:48  [DUPE] PropFirmTrader (https://www.youtube.com/channel/UC1rLYUaIXsKROTqAJ-k882Q) already in sheet Ś checking found_via.
2026-03-08 01:42:48  [SKIP] BEONERADIO Ś country='CA' (not US)
2026-03-08 01:42:48  [SKIP] Sanjay Kathuria Podcast Ś country='IN' (not US)
2026-03-08 01:42:48  [SKIP] A Tech Creations  Ś country='PK' (not US)
2026-03-08 01:42:48  [SKIP] Silver News Daily Ś country='GB' (not US)
2026-03-08 01:42:48  [DUPE] CouplaGoofs (https://www.youtube.com/channel/UCqmu8lRUQSffhUqAvvdpmtA) already in sheet Ś checking found_via.
2026-03-08 01:42:48  [SKIP] Davie Fogarty Mentors Ś country='AU' (not US)
2026-03-08 01:42:48  [SKIP] Benny Trades Futures Ś country='AU' (not US)
2026-03-08 01:42:50  [DUPE UPDATE] https://www.youtube.com/channel/UCqmu8lRUQSffhUqAvvdpmtA | found_via\u2192money tips creator | niche\u2192Finance
2026-03-08 01:42:50  [DUPE UPDATE] https://www.youtube.com/channel/UCPjiUpsyS8nnLlSSAWH5oHA | found_via\u2192investing channel vlog, money tips creator | niche\u2192finance, Finance
2026-03-08 01:42:50  [DUPE UPDATE] https://www.youtube.com/channel/UCYJdXK0T1sOk1mS-gYSFaew | found_via\u2192investing channel vlog, money tips creator | niche\u2192finance, Finance
2026-03-08 01:42:51  [DUPE UPDATE] https://www.youtube.com/channel/UC1rLYUaIXsKROTqAJ-k882Q | found_via\u2192personal finance tips channel, investing how to channel, money tips creator | niche\u2192Finance
2026-03-08 01:42:51  [DUPE UPDATE] https://www.youtube.com/channel/UCEE9gkTnK9uP1s0b7glwaiQ | found_via\u2192financial advisor vlog, money tips creator | niche\u2192Finance
2026-03-08 01:42:51    Query='money tips creator' | Videos=275 | Channels=203 | Added=42 | Dupes=5 | Skipped=156
2026-03-08 01:42:51  
\u2500\u2500\u2500\u2500\u2500\u2500\u2500\u2500\u2500\u2500\u2500\u2500\u2500\u2500\u2500\u2500\u2500\u2500\u2500\u2500\u2500\u2500\u2500\u2500\u2500\u2500\u2500\u2500\u2500\u2500\u2500\u2500\u2500\u2500\u2500\u2500\u2500\u2500\u2500\u2500\u2500\u2500\u2500\u2500\u2500\u2500\u2500\u2500\u2500\u2500\u2500\u2500\u2500\u2500\u2500\u2500\u2500\u2500\u2500\u2500
2026-03-08 01:42:51  Batch complete | Niche=Finance | Queries=5 | Window=7 days | Subs=1000¢50000 | Total Added=148 | Total Dupes=19 | Total Skipped=660
2026-03-08 01:42:51  \u2500\u2500\u2500\u2500\u2500\u2500\u2500\u2500\u2500\u2500\u2500\u2500\u2500\u2500\u2500\u2500\u2500\u2500\u2500\u2500\u2500\u2500\u2500\u2500\u2500\u2500\u2500\u2500\u2500\u2500\u2500\u2500\u2500\u2500\u2500\u2500\u2500\u2500\u2500\u2500\u2500\u2500\u2500\u2500\u2500\u2500\u2500\u2500\u2500\u2500\u2500\u2500\u2500\u2500\u2500\u2500\u2500\u2500\u2500\u2500

